WARNING: using JLD2.@save in module Main conflicts with an existing identifier.
WARNING: using JLD2.@load in module Main conflicts with an existing identifier.
ERROR: LoadError: DimensionMismatch: layer Dense(256 => 6, tanh2) expects size(input, 1) == 256, but got 128×180 CuArray{Float32, 2, CUDA.Mem.DeviceBuffer}
Stacktrace:
  [1] _size_check(layer::Dense{typeof(tanh2), CuArray{Float32, 2, CUDA.Mem.DeviceBuffer}, CuArray{Float32, 1, CUDA.Mem.DeviceBuffer}}, x::CuArray{Float32, 2, CUDA.Mem.DeviceBuffer}, ::Pair{Int64, Int64})
    @ Flux ~/.julia/packages/Flux/mqBbi/src/layers/basic.jl:195
  [2] rrule
    @ ~/.julia/packages/Flux/mqBbi/src/layers/basic.jl:198 [inlined]
  [3] rrule
    @ ~/.julia/packages/ChainRulesCore/0t04l/src/rules.jl:134 [inlined]
  [4] chain_rrule
    @ ~/.julia/packages/Zygote/JeHtr/src/compiler/chainrules.jl:223 [inlined]
  [5] macro expansion
    @ ~/.julia/packages/Zygote/JeHtr/src/compiler/interface2.jl:101 [inlined]
  [6] _pullback
    @ ~/.julia/packages/Zygote/JeHtr/src/compiler/interface2.jl:101 [inlined]
  [7] _pullback
    @ ~/.julia/packages/Flux/mqBbi/src/layers/basic.jl:171 [inlined]
  [8] _pullback(ctx::Zygote.Context{true}, f::Dense{typeof(tanh2), CuArray{Float32, 2, CUDA.Mem.DeviceBuffer}, CuArray{Float32, 1, CUDA.Mem.DeviceBuffer}}, args::CuArray{Float32, 2, CUDA.Mem.DeviceBuffer})
    @ Zygote ~/.julia/packages/Zygote/JeHtr/src/compiler/interface2.jl:0
  [9] macro expansion
    @ ~/.julia/packages/Flux/mqBbi/src/layers/basic.jl:53 [inlined]
 [10] _pullback
    @ ~/.julia/packages/Flux/mqBbi/src/layers/basic.jl:53 [inlined]
 [11] _pullback(::Zygote.Context{true}, ::typeof(Flux._applychain), ::Tuple{BatchNorm{typeof(identity), CuArray{Float32, 1, CUDA.Mem.DeviceBuffer}, Float32, CuArray{Float32, 1, CUDA.Mem.DeviceBuffer}}, Dense{typeof(relu), CuArray{Float32, 2, CUDA.Mem.DeviceBuffer}, CuArray{Float32, 1, CUDA.Mem.DeviceBuffer}}, Dense{typeof(relu), CuArray{Float32, 2, CUDA.Mem.DeviceBuffer}, CuArray{Float32, 1, CUDA.Mem.DeviceBuffer}}, Dense{typeof(relu), CuArray{Float32, 2, CUDA.Mem.DeviceBuffer}, CuArray{Float32, 1, CUDA.Mem.DeviceBuffer}}, Dense{typeof(relu), CuArray{Float32, 2, CUDA.Mem.DeviceBuffer}, CuArray{Float32, 1, CUDA.Mem.DeviceBuffer}}, Dense{typeof(tanh2), CuArray{Float32, 2, CUDA.Mem.DeviceBuffer}, CuArray{Float32, 1, CUDA.Mem.DeviceBuffer}}}, ::CuArray{Float32, 2, CUDA.Mem.DeviceBuffer})
    @ Zygote ~/.julia/packages/Zygote/JeHtr/src/compiler/interface2.jl:0
 [12] _pullback
    @ ~/.julia/packages/Flux/mqBbi/src/layers/basic.jl:51 [inlined]
 [13] _pullback(ctx::Zygote.Context{true}, f::Chain{Tuple{BatchNorm{typeof(identity), CuArray{Float32, 1, CUDA.Mem.DeviceBuffer}, Float32, CuArray{Float32, 1, CUDA.Mem.DeviceBuffer}}, Dense{typeof(relu), CuArray{Float32, 2, CUDA.Mem.DeviceBuffer}, CuArray{Float32, 1, CUDA.Mem.DeviceBuffer}}, Dense{typeof(relu), CuArray{Float32, 2, CUDA.Mem.DeviceBuffer}, CuArray{Float32, 1, CUDA.Mem.DeviceBuffer}}, Dense{typeof(relu), CuArray{Float32, 2, CUDA.Mem.DeviceBuffer}, CuArray{Float32, 1, CUDA.Mem.DeviceBuffer}}, Dense{typeof(relu), CuArray{Float32, 2, CUDA.Mem.DeviceBuffer}, CuArray{Float32, 1, CUDA.Mem.DeviceBuffer}}, Dense{typeof(tanh2), CuArray{Float32, 2, CUDA.Mem.DeviceBuffer}, CuArray{Float32, 1, CUDA.Mem.DeviceBuffer}}}}, args::CuArray{Float32, 2, CUDA.Mem.DeviceBuffer})
    @ Zygote ~/.julia/packages/Zygote/JeHtr/src/compiler/interface2.jl:0
 [14] _pullback
    @ ~/.julia/packages/Flux/mqBbi/src/layers/basic.jl:527 [inlined]
 [15] _pullback(ctx::Zygote.Context{true}, f::Flux.var"#207#208"{CuArray{Float32, 2, CUDA.Mem.DeviceBuffer}}, args::Chain{Tuple{BatchNorm{typeof(identity), CuArray{Float32, 1, CUDA.Mem.DeviceBuffer}, Float32, CuArray{Float32, 1, CUDA.Mem.DeviceBuffer}}, Dense{typeof(relu), CuArray{Float32, 2, CUDA.Mem.DeviceBuffer}, CuArray{Float32, 1, CUDA.Mem.DeviceBuffer}}, Dense{typeof(relu), CuArray{Float32, 2, CUDA.Mem.DeviceBuffer}, CuArray{Float32, 1, CUDA.Mem.DeviceBuffer}}, Dense{typeof(relu), CuArray{Float32, 2, CUDA.Mem.DeviceBuffer}, CuArray{Float32, 1, CUDA.Mem.DeviceBuffer}}, Dense{typeof(relu), CuArray{Float32, 2, CUDA.Mem.DeviceBuffer}, CuArray{Float32, 1, CUDA.Mem.DeviceBuffer}}, Dense{typeof(tanh2), CuArray{Float32, 2, CUDA.Mem.DeviceBuffer}, CuArray{Float32, 1, CUDA.Mem.DeviceBuffer}}}})
    @ Zygote ~/.julia/packages/Zygote/JeHtr/src/compiler/interface2.jl:0
 [16] #673
    @ ~/.julia/packages/Zygote/JeHtr/src/lib/array.jl:201 [inlined]
 [17] map
    @ ./tuple.jl:274 [inlined]
 [18] ∇map
    @ ~/.julia/packages/Zygote/JeHtr/src/lib/array.jl:201 [inlined]
 [19] adjoint
    @ ~/.julia/packages/Zygote/JeHtr/src/lib/array.jl:227 [inlined]
 [20] _pullback
    @ ~/.julia/packages/ZygoteRules/OgCVT/src/adjoint.jl:66 [inlined]
 [21] _pullback
    @ ~/.julia/packages/Flux/mqBbi/src/layers/basic.jl:527 [inlined]
 [22] _pullback(ctx::Zygote.Context{true}, f::Parallel{typeof(vcat), Tuple{Chain{Tuple{BatchNorm{typeof(identity), CuArray{Float32, 1, CUDA.Mem.DeviceBuffer}, Float32, CuArray{Float32, 1, CUDA.Mem.DeviceBuffer}}, Dense{typeof(relu), CuArray{Float32, 2, CUDA.Mem.DeviceBuffer}, CuArray{Float32, 1, CUDA.Mem.DeviceBuffer}}, Dense{typeof(relu), CuArray{Float32, 2, CUDA.Mem.DeviceBuffer}, CuArray{Float32, 1, CUDA.Mem.DeviceBuffer}}, Dense{typeof(relu), CuArray{Float32, 2, CUDA.Mem.DeviceBuffer}, CuArray{Float32, 1, CUDA.Mem.DeviceBuffer}}, Dense{typeof(relu), CuArray{Float32, 2, CUDA.Mem.DeviceBuffer}, CuArray{Float32, 1, CUDA.Mem.DeviceBuffer}}, Dense{typeof(tanh2), CuArray{Float32, 2, CUDA.Mem.DeviceBuffer}, CuArray{Float32, 1, CUDA.Mem.DeviceBuffer}}}}, Chain{Tuple{BatchNorm{typeof(identity), CuArray{Float32, 1, CUDA.Mem.DeviceBuffer}, Float32, CuArray{Float32, 1, CUDA.Mem.DeviceBuffer}}, Dense{typeof(relu), CuArray{Float32, 2, CUDA.Mem.DeviceBuffer}, CuArray{Float32, 1, CUDA.Mem.DeviceBuffer}}, Dense{typeof(relu), CuArray{Float32, 2, CUDA.Mem.DeviceBuffer}, CuArray{Float32, 1, CUDA.Mem.DeviceBuffer}}, Dense{typeof(relu), CuArray{Float32, 2, CUDA.Mem.DeviceBuffer}, CuArray{Float32, 1, CUDA.Mem.DeviceBuffer}}, Dense{typeof(relu), CuArray{Float32, 2, CUDA.Mem.DeviceBuffer}, CuArray{Float32, 1, CUDA.Mem.DeviceBuffer}}, Dense{typeof(tanh10), CuArray{Float32, 2, CUDA.Mem.DeviceBuffer}, CuArray{Float32, 1, CUDA.Mem.DeviceBuffer}}}}}}, args::CuArray{Float32, 2, CUDA.Mem.DeviceBuffer})
    @ Zygote ~/.julia/packages/Zygote/JeHtr/src/compiler/interface2.jl:0
 [23] macro expansion
    @ ~/.julia/packages/Flux/mqBbi/src/layers/basic.jl:53 [inlined]
 [24] _pullback
    @ ~/.julia/packages/Flux/mqBbi/src/layers/basic.jl:53 [inlined]
 [25] _pullback(::Zygote.Context{true}, ::typeof(Flux._applychain), ::Tuple{Dense{typeof(identity), CuArray{Float32, 2, CUDA.Mem.DeviceBuffer}, CuArray{Float32, 1, CUDA.Mem.DeviceBuffer}}, BatchNorm{typeof(identity), CuArray{Float32, 1, CUDA.Mem.DeviceBuffer}, Float32, CuArray{Float32, 1, CUDA.Mem.DeviceBuffer}}, Chain{Tuple{Parallel{typeof(+), Tuple{Chain{Tuple{BatchNorm{typeof(identity), CuArray{Float32, 1, CUDA.Mem.DeviceBuffer}, Float32, CuArray{Float32, 1, CUDA.Mem.DeviceBuffer}}, Dense{typeof(relu), CuArray{Float32, 2, CUDA.Mem.DeviceBuffer}, CuArray{Float32, 1, CUDA.Mem.DeviceBuffer}}, Dense{typeof(relu), CuArray{Float32, 2, CUDA.Mem.DeviceBuffer}, CuArray{Float32, 1, CUDA.Mem.DeviceBuffer}}}}, typeof(identity)}}}}, Chain{Tuple{Parallel{typeof(+), Tuple{Chain{Tuple{BatchNorm{typeof(identity), CuArray{Float32, 1, CUDA.Mem.DeviceBuffer}, Float32, CuArray{Float32, 1, CUDA.Mem.DeviceBuffer}}, Dense{typeof(relu), CuArray{Float32, 2, CUDA.Mem.DeviceBuffer}, CuArray{Float32, 1, CUDA.Mem.DeviceBuffer}}, Dense{typeof(relu), CuArray{Float32, 2, CUDA.Mem.DeviceBuffer}, CuArray{Float32, 1, CUDA.Mem.DeviceBuffer}}}}, typeof(identity)}}}}, Chain{Tuple{Parallel{typeof(+), Tuple{Chain{Tuple{BatchNorm{typeof(identity), CuArray{Float32, 1, CUDA.Mem.DeviceBuffer}, Float32, CuArray{Float32, 1, CUDA.Mem.DeviceBuffer}}, Dense{typeof(relu), CuArray{Float32, 2, CUDA.Mem.DeviceBuffer}, CuArray{Float32, 1, CUDA.Mem.DeviceBuffer}}, Dense{typeof(relu), CuArray{Float32, 2, CUDA.Mem.DeviceBuffer}, CuArray{Float32, 1, CUDA.Mem.DeviceBuffer}}}}, typeof(identity)}}}}, Chain{Tuple{Parallel{typeof(+), Tuple{Chain{Tuple{BatchNorm{typeof(identity), CuArray{Float32, 1, CUDA.Mem.DeviceBuffer}, Float32, CuArray{Float32, 1, CUDA.Mem.DeviceBuffer}}, Dense{typeof(relu), CuArray{Float32, 2, CUDA.Mem.DeviceBuffer}, CuArray{Float32, 1, CUDA.Mem.DeviceBuffer}}, Dense{typeof(relu), CuArray{Float32, 2, CUDA.Mem.DeviceBuffer}, CuArray{Float32, 1, CUDA.Mem.DeviceBuffer}}}}, typeof(identity)}}}}, Chain{Tuple{Parallel{typeof(+), Tuple{Chain{Tuple{BatchNorm{typeof(identity), CuArray{Float32, 1, CUDA.Mem.DeviceBuffer}, Float32, CuArray{Float32, 1, CUDA.Mem.DeviceBuffer}}, Dense{typeof(relu), CuArray{Float32, 2, CUDA.Mem.DeviceBuffer}, CuArray{Float32, 1, CUDA.Mem.DeviceBuffer}}, Dense{typeof(relu), CuArray{Float32, 2, CUDA.Mem.DeviceBuffer}, CuArray{Float32, 1, CUDA.Mem.DeviceBuffer}}}}, typeof(identity)}}}}, Chain{Tuple{Parallel{typeof(+), Tuple{Chain{Tuple{BatchNorm{typeof(identity), CuArray{Float32, 1, CUDA.Mem.DeviceBuffer}, Float32, CuArray{Float32, 1, CUDA.Mem.DeviceBuffer}}, Dense{typeof(relu), CuArray{Float32, 2, CUDA.Mem.DeviceBuffer}, CuArray{Float32, 1, CUDA.Mem.DeviceBuffer}}, Dense{typeof(relu), CuArray{Float32, 2, CUDA.Mem.DeviceBuffer}, CuArray{Float32, 1, CUDA.Mem.DeviceBuffer}}}}, typeof(identity)}}}}, Chain{Tuple{Parallel{typeof(+), Tuple{Chain{Tuple{BatchNorm{typeof(identity), CuArray{Float32, 1, CUDA.Mem.DeviceBuffer}, Float32, CuArray{Float32, 1, CUDA.Mem.DeviceBuffer}}, Dense{typeof(relu), CuArray{Float32, 2, CUDA.Mem.DeviceBuffer}, CuArray{Float32, 1, CUDA.Mem.DeviceBuffer}}, Dense{typeof(relu), CuArray{Float32, 2, CUDA.Mem.DeviceBuffer}, CuArray{Float32, 1, CUDA.Mem.DeviceBuffer}}}}, typeof(identity)}}}}, Chain{Tuple{Parallel{typeof(+), Tuple{Chain{Tuple{BatchNorm{typeof(identity), CuArray{Float32, 1, CUDA.Mem.DeviceBuffer}, Float32, CuArray{Float32, 1, CUDA.Mem.DeviceBuffer}}, Dense{typeof(relu), CuArray{Float32, 2, CUDA.Mem.DeviceBuffer}, CuArray{Float32, 1, CUDA.Mem.DeviceBuffer}}, Dense{typeof(relu), CuArray{Float32, 2, CUDA.Mem.DeviceBuffer}, CuArray{Float32, 1, CUDA.Mem.DeviceBuffer}}}}, typeof(identity)}}}}, Chain{Tuple{Parallel{typeof(+), Tuple{Chain{Tuple{BatchNorm{typeof(identity), CuArray{Float32, 1, CUDA.Mem.DeviceBuffer}, Float32, CuArray{Float32, 1, CUDA.Mem.DeviceBuffer}}, Dense{typeof(relu), CuArray{Float32, 2, CUDA.Mem.DeviceBuffer}, CuArray{Float32, 1, CUDA.Mem.DeviceBuffer}}, Dense{typeof(relu), CuArray{Float32, 2, CUDA.Mem.DeviceBuffer}, CuArray{Float32, 1, CUDA.Mem.DeviceBuffer}}}}, typeof(identity)}}}}, Chain{Tuple{Parallel{typeof(+), Tuple{Chain{Tuple{BatchNorm{typeof(identity), CuArray{Float32, 1, CUDA.Mem.DeviceBuffer}, Float32, CuArray{Float32, 1, CUDA.Mem.DeviceBuffer}}, Dense{typeof(relu), CuArray{Float32, 2, CUDA.Mem.DeviceBuffer}, CuArray{Float32, 1, CUDA.Mem.DeviceBuffer}}, Dense{typeof(relu), CuArray{Float32, 2, CUDA.Mem.DeviceBuffer}, CuArray{Float32, 1, CUDA.Mem.DeviceBuffer}}}}, typeof(identity)}}}}, Chain{Tuple{Parallel{typeof(+), Tuple{Chain{Tuple{BatchNorm{typeof(identity), CuArray{Float32, 1, CUDA.Mem.DeviceBuffer}, Float32, CuArray{Float32, 1, CUDA.Mem.DeviceBuffer}}, Dense{typeof(relu), CuArray{Float32, 2, CUDA.Mem.DeviceBuffer}, CuArray{Float32, 1, CUDA.Mem.DeviceBuffer}}, Dense{typeof(relu), CuArray{Float32, 2, CUDA.Mem.DeviceBuffer}, CuArray{Float32, 1, CUDA.Mem.DeviceBuffer}}}}, typeof(identity)}}}}, Chain{Tuple{Parallel{typeof(+), Tuple{Chain{Tuple{BatchNorm{typeof(identity), CuArray{Float32, 1, CUDA.Mem.DeviceBuffer}, Float32, CuArray{Float32, 1, CUDA.Mem.DeviceBuffer}}, Dense{typeof(relu), CuArray{Float32, 2, CUDA.Mem.DeviceBuffer}, CuArray{Float32, 1, CUDA.Mem.DeviceBuffer}}, Dense{typeof(relu), CuArray{Float32, 2, CUDA.Mem.DeviceBuffer}, CuArray{Float32, 1, CUDA.Mem.DeviceBuffer}}}}, typeof(identity)}}}}, typeof(Flux.flatten), Parallel{typeof(vcat), Tuple{Chain{Tuple{BatchNorm{typeof(identity), CuArray{Float32, 1, CUDA.Mem.DeviceBuffer}, Float32, CuArray{Float32, 1, CUDA.Mem.DeviceBuffer}}, Dense{typeof(relu), CuArray{Float32, 2, CUDA.Mem.DeviceBuffer}, CuArray{Float32, 1, CUDA.Mem.DeviceBuffer}}, Dense{typeof(relu), CuArray{Float32, 2, CUDA.Mem.DeviceBuffer}, CuArray{Float32, 1, CUDA.Mem.DeviceBuffer}}, Dense{typeof(relu), CuArray{Float32, 2, CUDA.Mem.DeviceBuffer}, CuArray{Float32, 1, CUDA.Mem.DeviceBuffer}}, Dense{typeof(relu), CuArray{Float32, 2, CUDA.Mem.DeviceBuffer}, CuArray{Float32, 1, CUDA.Mem.DeviceBuffer}}, Dense{typeof(tanh2), CuArray{Float32, 2, CUDA.Mem.DeviceBuffer}, CuArray{Float32, 1, CUDA.Mem.DeviceBuffer}}}}, Chain{Tuple{BatchNorm{typeof(identity), CuArray{Float32, 1, CUDA.Mem.DeviceBuffer}, Float32, CuArray{Float32, 1, CUDA.Mem.DeviceBuffer}}, Dense{typeof(relu), CuArray{Float32, 2, CUDA.Mem.DeviceBuffer}, CuArray{Float32, 1, CUDA.Mem.DeviceBuffer}}, Dense{typeof(relu), CuArray{Float32, 2, CUDA.Mem.DeviceBuffer}, CuArray{Float32, 1, CUDA.Mem.DeviceBuffer}}, Dense{typeof(relu), CuArray{Float32, 2, CUDA.Mem.DeviceBuffer}, CuArray{Float32, 1, CUDA.Mem.DeviceBuffer}}, Dense{typeof(relu), CuArray{Float32, 2, CUDA.Mem.DeviceBuffer}, CuArray{Float32, 1, CUDA.Mem.DeviceBuffer}}, Dense{typeof(tanh10), CuArray{Float32, 2, CUDA.Mem.DeviceBuffer}, CuArray{Float32, 1, CUDA.Mem.DeviceBuffer}}}}}}}, ::CuArray{Int64, 2, CUDA.Mem.DeviceBuffer})
    @ Zygote ~/.julia/packages/Zygote/JeHtr/src/compiler/interface2.jl:0
 [26] _pullback
    @ ~/.julia/packages/Flux/mqBbi/src/layers/basic.jl:51 [inlined]
 [27] _pullback(ctx::Zygote.Context{true}, f::Chain{Tuple{Dense{typeof(identity), CuArray{Float32, 2, CUDA.Mem.DeviceBuffer}, CuArray{Float32, 1, CUDA.Mem.DeviceBuffer}}, BatchNorm{typeof(identity), CuArray{Float32, 1, CUDA.Mem.DeviceBuffer}, Float32, CuArray{Float32, 1, CUDA.Mem.DeviceBuffer}}, Chain{Tuple{Parallel{typeof(+), Tuple{Chain{Tuple{BatchNorm{typeof(identity), CuArray{Float32, 1, CUDA.Mem.DeviceBuffer}, Float32, CuArray{Float32, 1, CUDA.Mem.DeviceBuffer}}, Dense{typeof(relu), CuArray{Float32, 2, CUDA.Mem.DeviceBuffer}, CuArray{Float32, 1, CUDA.Mem.DeviceBuffer}}, Dense{typeof(relu), CuArray{Float32, 2, CUDA.Mem.DeviceBuffer}, CuArray{Float32, 1, CUDA.Mem.DeviceBuffer}}}}, typeof(identity)}}}}, Chain{Tuple{Parallel{typeof(+), Tuple{Chain{Tuple{BatchNorm{typeof(identity), CuArray{Float32, 1, CUDA.Mem.DeviceBuffer}, Float32, CuArray{Float32, 1, CUDA.Mem.DeviceBuffer}}, Dense{typeof(relu), CuArray{Float32, 2, CUDA.Mem.DeviceBuffer}, CuArray{Float32, 1, CUDA.Mem.DeviceBuffer}}, Dense{typeof(relu), CuArray{Float32, 2, CUDA.Mem.DeviceBuffer}, CuArray{Float32, 1, CUDA.Mem.DeviceBuffer}}}}, typeof(identity)}}}}, Chain{Tuple{Parallel{typeof(+), Tuple{Chain{Tuple{BatchNorm{typeof(identity), CuArray{Float32, 1, CUDA.Mem.DeviceBuffer}, Float32, CuArray{Float32, 1, CUDA.Mem.DeviceBuffer}}, Dense{typeof(relu), CuArray{Float32, 2, CUDA.Mem.DeviceBuffer}, CuArray{Float32, 1, CUDA.Mem.DeviceBuffer}}, Dense{typeof(relu), CuArray{Float32, 2, CUDA.Mem.DeviceBuffer}, CuArray{Float32, 1, CUDA.Mem.DeviceBuffer}}}}, typeof(identity)}}}}, Chain{Tuple{Parallel{typeof(+), Tuple{Chain{Tuple{BatchNorm{typeof(identity), CuArray{Float32, 1, CUDA.Mem.DeviceBuffer}, Float32, CuArray{Float32, 1, CUDA.Mem.DeviceBuffer}}, Dense{typeof(relu), CuArray{Float32, 2, CUDA.Mem.DeviceBuffer}, CuArray{Float32, 1, CUDA.Mem.DeviceBuffer}}, Dense{typeof(relu), CuArray{Float32, 2, CUDA.Mem.DeviceBuffer}, CuArray{Float32, 1, CUDA.Mem.DeviceBuffer}}}}, typeof(identity)}}}}, Chain{Tuple{Parallel{typeof(+), Tuple{Chain{Tuple{BatchNorm{typeof(identity), CuArray{Float32, 1, CUDA.Mem.DeviceBuffer}, Float32, CuArray{Float32, 1, CUDA.Mem.DeviceBuffer}}, Dense{typeof(relu), CuArray{Float32, 2, CUDA.Mem.DeviceBuffer}, CuArray{Float32, 1, CUDA.Mem.DeviceBuffer}}, Dense{typeof(relu), CuArray{Float32, 2, CUDA.Mem.DeviceBuffer}, CuArray{Float32, 1, CUDA.Mem.DeviceBuffer}}}}, typeof(identity)}}}}, Chain{Tuple{Parallel{typeof(+), Tuple{Chain{Tuple{BatchNorm{typeof(identity), CuArray{Float32, 1, CUDA.Mem.DeviceBuffer}, Float32, CuArray{Float32, 1, CUDA.Mem.DeviceBuffer}}, Dense{typeof(relu), CuArray{Float32, 2, CUDA.Mem.DeviceBuffer}, CuArray{Float32, 1, CUDA.Mem.DeviceBuffer}}, Dense{typeof(relu), CuArray{Float32, 2, CUDA.Mem.DeviceBuffer}, CuArray{Float32, 1, CUDA.Mem.DeviceBuffer}}}}, typeof(identity)}}}}, Chain{Tuple{Parallel{typeof(+), Tuple{Chain{Tuple{BatchNorm{typeof(identity), CuArray{Float32, 1, CUDA.Mem.DeviceBuffer}, Float32, CuArray{Float32, 1, CUDA.Mem.DeviceBuffer}}, Dense{typeof(relu), CuArray{Float32, 2, CUDA.Mem.DeviceBuffer}, CuArray{Float32, 1, CUDA.Mem.DeviceBuffer}}, Dense{typeof(relu), CuArray{Float32, 2, CUDA.Mem.DeviceBuffer}, CuArray{Float32, 1, CUDA.Mem.DeviceBuffer}}}}, typeof(identity)}}}}, Chain{Tuple{Parallel{typeof(+), Tuple{Chain{Tuple{BatchNorm{typeof(identity), CuArray{Float32, 1, CUDA.Mem.DeviceBuffer}, Float32, CuArray{Float32, 1, CUDA.Mem.DeviceBuffer}}, Dense{typeof(relu), CuArray{Float32, 2, CUDA.Mem.DeviceBuffer}, CuArray{Float32, 1, CUDA.Mem.DeviceBuffer}}, Dense{typeof(relu), CuArray{Float32, 2, CUDA.Mem.DeviceBuffer}, CuArray{Float32, 1, CUDA.Mem.DeviceBuffer}}}}, typeof(identity)}}}}, Chain{Tuple{Parallel{typeof(+), Tuple{Chain{Tuple{BatchNorm{typeof(identity), CuArray{Float32, 1, CUDA.Mem.DeviceBuffer}, Float32, CuArray{Float32, 1, CUDA.Mem.DeviceBuffer}}, Dense{typeof(relu), CuArray{Float32, 2, CUDA.Mem.DeviceBuffer}, CuArray{Float32, 1, CUDA.Mem.DeviceBuffer}}, Dense{typeof(relu), CuArray{Float32, 2, CUDA.Mem.DeviceBuffer}, CuArray{Float32, 1, CUDA.Mem.DeviceBuffer}}}}, typeof(identity)}}}}, Chain{Tuple{Parallel{typeof(+), Tuple{Chain{Tuple{BatchNorm{typeof(identity), CuArray{Float32, 1, CUDA.Mem.DeviceBuffer}, Float32, CuArray{Float32, 1, CUDA.Mem.DeviceBuffer}}, Dense{typeof(relu), CuArray{Float32, 2, CUDA.Mem.DeviceBuffer}, CuArray{Float32, 1, CUDA.Mem.DeviceBuffer}}, Dense{typeof(relu), CuArray{Float32, 2, CUDA.Mem.DeviceBuffer}, CuArray{Float32, 1, CUDA.Mem.DeviceBuffer}}}}, typeof(identity)}}}}, Chain{Tuple{Parallel{typeof(+), Tuple{Chain{Tuple{BatchNorm{typeof(identity), CuArray{Float32, 1, CUDA.Mem.DeviceBuffer}, Float32, CuArray{Float32, 1, CUDA.Mem.DeviceBuffer}}, Dense{typeof(relu), CuArray{Float32, 2, CUDA.Mem.DeviceBuffer}, CuArray{Float32, 1, CUDA.Mem.DeviceBuffer}}, Dense{typeof(relu), CuArray{Float32, 2, CUDA.Mem.DeviceBuffer}, CuArray{Float32, 1, CUDA.Mem.DeviceBuffer}}}}, typeof(identity)}}}}, Chain{Tuple{Parallel{typeof(+), Tuple{Chain{Tuple{BatchNorm{typeof(identity), CuArray{Float32, 1, CUDA.Mem.DeviceBuffer}, Float32, CuArray{Float32, 1, CUDA.Mem.DeviceBuffer}}, Dense{typeof(relu), CuArray{Float32, 2, CUDA.Mem.DeviceBuffer}, CuArray{Float32, 1, CUDA.Mem.DeviceBuffer}}, Dense{typeof(relu), CuArray{Float32, 2, CUDA.Mem.DeviceBuffer}, CuArray{Float32, 1, CUDA.Mem.DeviceBuffer}}}}, typeof(identity)}}}}, typeof(Flux.flatten), Parallel{typeof(vcat), Tuple{Chain{Tuple{BatchNorm{typeof(identity), CuArray{Float32, 1, CUDA.Mem.DeviceBuffer}, Float32, CuArray{Float32, 1, CUDA.Mem.DeviceBuffer}}, Dense{typeof(relu), CuArray{Float32, 2, CUDA.Mem.DeviceBuffer}, CuArray{Float32, 1, CUDA.Mem.DeviceBuffer}}, Dense{typeof(relu), CuArray{Float32, 2, CUDA.Mem.DeviceBuffer}, CuArray{Float32, 1, CUDA.Mem.DeviceBuffer}}, Dense{typeof(relu), CuArray{Float32, 2, CUDA.Mem.DeviceBuffer}, CuArray{Float32, 1, CUDA.Mem.DeviceBuffer}}, Dense{typeof(relu), CuArray{Float32, 2, CUDA.Mem.DeviceBuffer}, CuArray{Float32, 1, CUDA.Mem.DeviceBuffer}}, Dense{typeof(tanh2), CuArray{Float32, 2, CUDA.Mem.DeviceBuffer}, CuArray{Float32, 1, CUDA.Mem.DeviceBuffer}}}}, Chain{Tuple{BatchNorm{typeof(identity), CuArray{Float32, 1, CUDA.Mem.DeviceBuffer}, Float32, CuArray{Float32, 1, CUDA.Mem.DeviceBuffer}}, Dense{typeof(relu), CuArray{Float32, 2, CUDA.Mem.DeviceBuffer}, CuArray{Float32, 1, CUDA.Mem.DeviceBuffer}}, Dense{typeof(relu), CuArray{Float32, 2, CUDA.Mem.DeviceBuffer}, CuArray{Float32, 1, CUDA.Mem.DeviceBuffer}}, Dense{typeof(relu), CuArray{Float32, 2, CUDA.Mem.DeviceBuffer}, CuArray{Float32, 1, CUDA.Mem.DeviceBuffer}}, Dense{typeof(relu), CuArray{Float32, 2, CUDA.Mem.DeviceBuffer}, CuArray{Float32, 1, CUDA.Mem.DeviceBuffer}}, Dense{typeof(tanh10), CuArray{Float32, 2, CUDA.Mem.DeviceBuffer}, CuArray{Float32, 1, CUDA.Mem.DeviceBuffer}}}}}}}}, args::CuArray{Int64, 2, CUDA.Mem.DeviceBuffer})
    @ Zygote ~/.julia/packages/Zygote/JeHtr/src/compiler/interface2.jl:0
 [28] _pullback
    @ ~/Documents/Codes/julia/AlphaZeroForPhysics/AZP_DNN_valMAX.jl:185 [inlined]
 [29] _pullback(::Zygote.Context{true}, ::typeof(loss), ::CuArray{Int64, 2, CUDA.Mem.DeviceBuffer}, ::Matrix{Float32}, ::Env, ::Chain{Tuple{Dense{typeof(identity), CuArray{Float32, 2, CUDA.Mem.DeviceBuffer}, CuArray{Float32, 1, CUDA.Mem.DeviceBuffer}}, BatchNorm{typeof(identity), CuArray{Float32, 1, CUDA.Mem.DeviceBuffer}, Float32, CuArray{Float32, 1, CUDA.Mem.DeviceBuffer}}, Chain{Tuple{Parallel{typeof(+), Tuple{Chain{Tuple{BatchNorm{typeof(identity), CuArray{Float32, 1, CUDA.Mem.DeviceBuffer}, Float32, CuArray{Float32, 1, CUDA.Mem.DeviceBuffer}}, Dense{typeof(relu), CuArray{Float32, 2, CUDA.Mem.DeviceBuffer}, CuArray{Float32, 1, CUDA.Mem.DeviceBuffer}}, Dense{typeof(relu), CuArray{Float32, 2, CUDA.Mem.DeviceBuffer}, CuArray{Float32, 1, CUDA.Mem.DeviceBuffer}}}}, typeof(identity)}}}}, Chain{Tuple{Parallel{typeof(+), Tuple{Chain{Tuple{BatchNorm{typeof(identity), CuArray{Float32, 1, CUDA.Mem.DeviceBuffer}, Float32, CuArray{Float32, 1, CUDA.Mem.DeviceBuffer}}, Dense{typeof(relu), CuArray{Float32, 2, CUDA.Mem.DeviceBuffer}, CuArray{Float32, 1, CUDA.Mem.DeviceBuffer}}, Dense{typeof(relu), CuArray{Float32, 2, CUDA.Mem.DeviceBuffer}, CuArray{Float32, 1, CUDA.Mem.DeviceBuffer}}}}, typeof(identity)}}}}, Chain{Tuple{Parallel{typeof(+), Tuple{Chain{Tuple{BatchNorm{typeof(identity), CuArray{Float32, 1, CUDA.Mem.DeviceBuffer}, Float32, CuArray{Float32, 1, CUDA.Mem.DeviceBuffer}}, Dense{typeof(relu), CuArray{Float32, 2, CUDA.Mem.DeviceBuffer}, CuArray{Float32, 1, CUDA.Mem.DeviceBuffer}}, Dense{typeof(relu), CuArray{Float32, 2, CUDA.Mem.DeviceBuffer}, CuArray{Float32, 1, CUDA.Mem.DeviceBuffer}}}}, typeof(identity)}}}}, Chain{Tuple{Parallel{typeof(+), Tuple{Chain{Tuple{BatchNorm{typeof(identity), CuArray{Float32, 1, CUDA.Mem.DeviceBuffer}, Float32, CuArray{Float32, 1, CUDA.Mem.DeviceBuffer}}, Dense{typeof(relu), CuArray{Float32, 2, CUDA.Mem.DeviceBuffer}, CuArray{Float32, 1, CUDA.Mem.DeviceBuffer}}, Dense{typeof(relu), CuArray{Float32, 2, CUDA.Mem.DeviceBuffer}, CuArray{Float32, 1, CUDA.Mem.DeviceBuffer}}}}, typeof(identity)}}}}, Chain{Tuple{Parallel{typeof(+), Tuple{Chain{Tuple{BatchNorm{typeof(identity), CuArray{Float32, 1, CUDA.Mem.DeviceBuffer}, Float32, CuArray{Float32, 1, CUDA.Mem.DeviceBuffer}}, Dense{typeof(relu), CuArray{Float32, 2, CUDA.Mem.DeviceBuffer}, CuArray{Float32, 1, CUDA.Mem.DeviceBuffer}}, Dense{typeof(relu), CuArray{Float32, 2, CUDA.Mem.DeviceBuffer}, CuArray{Float32, 1, CUDA.Mem.DeviceBuffer}}}}, typeof(identity)}}}}, Chain{Tuple{Parallel{typeof(+), Tuple{Chain{Tuple{BatchNorm{typeof(identity), CuArray{Float32, 1, CUDA.Mem.DeviceBuffer}, Float32, CuArray{Float32, 1, CUDA.Mem.DeviceBuffer}}, Dense{typeof(relu), CuArray{Float32, 2, CUDA.Mem.DeviceBuffer}, CuArray{Float32, 1, CUDA.Mem.DeviceBuffer}}, Dense{typeof(relu), CuArray{Float32, 2, CUDA.Mem.DeviceBuffer}, CuArray{Float32, 1, CUDA.Mem.DeviceBuffer}}}}, typeof(identity)}}}}, Chain{Tuple{Parallel{typeof(+), Tuple{Chain{Tuple{BatchNorm{typeof(identity), CuArray{Float32, 1, CUDA.Mem.DeviceBuffer}, Float32, CuArray{Float32, 1, CUDA.Mem.DeviceBuffer}}, Dense{typeof(relu), CuArray{Float32, 2, CUDA.Mem.DeviceBuffer}, CuArray{Float32, 1, CUDA.Mem.DeviceBuffer}}, Dense{typeof(relu), CuArray{Float32, 2, CUDA.Mem.DeviceBuffer}, CuArray{Float32, 1, CUDA.Mem.DeviceBuffer}}}}, typeof(identity)}}}}, Chain{Tuple{Parallel{typeof(+), Tuple{Chain{Tuple{BatchNorm{typeof(identity), CuArray{Float32, 1, CUDA.Mem.DeviceBuffer}, Float32, CuArray{Float32, 1, CUDA.Mem.DeviceBuffer}}, Dense{typeof(relu), CuArray{Float32, 2, CUDA.Mem.DeviceBuffer}, CuArray{Float32, 1, CUDA.Mem.DeviceBuffer}}, Dense{typeof(relu), CuArray{Float32, 2, CUDA.Mem.DeviceBuffer}, CuArray{Float32, 1, CUDA.Mem.DeviceBuffer}}}}, typeof(identity)}}}}, Chain{Tuple{Parallel{typeof(+), Tuple{Chain{Tuple{BatchNorm{typeof(identity), CuArray{Float32, 1, CUDA.Mem.DeviceBuffer}, Float32, CuArray{Float32, 1, CUDA.Mem.DeviceBuffer}}, Dense{typeof(relu), CuArray{Float32, 2, CUDA.Mem.DeviceBuffer}, CuArray{Float32, 1, CUDA.Mem.DeviceBuffer}}, Dense{typeof(relu), CuArray{Float32, 2, CUDA.Mem.DeviceBuffer}, CuArray{Float32, 1, CUDA.Mem.DeviceBuffer}}}}, typeof(identity)}}}}, Chain{Tuple{Parallel{typeof(+), Tuple{Chain{Tuple{BatchNorm{typeof(identity), CuArray{Float32, 1, CUDA.Mem.DeviceBuffer}, Float32, CuArray{Float32, 1, CUDA.Mem.DeviceBuffer}}, Dense{typeof(relu), CuArray{Float32, 2, CUDA.Mem.DeviceBuffer}, CuArray{Float32, 1, CUDA.Mem.DeviceBuffer}}, Dense{typeof(relu), CuArray{Float32, 2, CUDA.Mem.DeviceBuffer}, CuArray{Float32, 1, CUDA.Mem.DeviceBuffer}}}}, typeof(identity)}}}}, Chain{Tuple{Parallel{typeof(+), Tuple{Chain{Tuple{BatchNorm{typeof(identity), CuArray{Float32, 1, CUDA.Mem.DeviceBuffer}, Float32, CuArray{Float32, 1, CUDA.Mem.DeviceBuffer}}, Dense{typeof(relu), CuArray{Float32, 2, CUDA.Mem.DeviceBuffer}, CuArray{Float32, 1, CUDA.Mem.DeviceBuffer}}, Dense{typeof(relu), CuArray{Float32, 2, CUDA.Mem.DeviceBuffer}, CuArray{Float32, 1, CUDA.Mem.DeviceBuffer}}}}, typeof(identity)}}}}, Chain{Tuple{Parallel{typeof(+), Tuple{Chain{Tuple{BatchNorm{typeof(identity), CuArray{Float32, 1, CUDA.Mem.DeviceBuffer}, Float32, CuArray{Float32, 1, CUDA.Mem.DeviceBuffer}}, Dense{typeof(relu), CuArray{Float32, 2, CUDA.Mem.DeviceBuffer}, CuArray{Float32, 1, CUDA.Mem.DeviceBuffer}}, Dense{typeof(relu), CuArray{Float32, 2, CUDA.Mem.DeviceBuffer}, CuArray{Float32, 1, CUDA.Mem.DeviceBuffer}}}}, typeof(identity)}}}}, typeof(Flux.flatten), Parallel{typeof(vcat), Tuple{Chain{Tuple{BatchNorm{typeof(identity), CuArray{Float32, 1, CUDA.Mem.DeviceBuffer}, Float32, CuArray{Float32, 1, CUDA.Mem.DeviceBuffer}}, Dense{typeof(relu), CuArray{Float32, 2, CUDA.Mem.DeviceBuffer}, CuArray{Float32, 1, CUDA.Mem.DeviceBuffer}}, Dense{typeof(relu), CuArray{Float32, 2, CUDA.Mem.DeviceBuffer}, CuArray{Float32, 1, CUDA.Mem.DeviceBuffer}}, Dense{typeof(relu), CuArray{Float32, 2, CUDA.Mem.DeviceBuffer}, CuArray{Float32, 1, CUDA.Mem.DeviceBuffer}}, Dense{typeof(relu), CuArray{Float32, 2, CUDA.Mem.DeviceBuffer}, CuArray{Float32, 1, CUDA.Mem.DeviceBuffer}}, Dense{typeof(tanh2), CuArray{Float32, 2, CUDA.Mem.DeviceBuffer}, CuArray{Float32, 1, CUDA.Mem.DeviceBuffer}}}}, Chain{Tuple{BatchNorm{typeof(identity), CuArray{Float32, 1, CUDA.Mem.DeviceBuffer}, Float32, CuArray{Float32, 1, CUDA.Mem.DeviceBuffer}}, Dense{typeof(relu), CuArray{Float32, 2, CUDA.Mem.DeviceBuffer}, CuArray{Float32, 1, CUDA.Mem.DeviceBuffer}}, Dense{typeof(relu), CuArray{Float32, 2, CUDA.Mem.DeviceBuffer}, CuArray{Float32, 1, CUDA.Mem.DeviceBuffer}}, Dense{typeof(relu), CuArray{Float32, 2, CUDA.Mem.DeviceBuffer}, CuArray{Float32, 1, CUDA.Mem.DeviceBuffer}}, Dense{typeof(relu), CuArray{Float32, 2, CUDA.Mem.DeviceBuffer}, CuArray{Float32, 1, CUDA.Mem.DeviceBuffer}}, Dense{typeof(tanh10), CuArray{Float32, 2, CUDA.Mem.DeviceBuffer}, CuArray{Float32, 1, CUDA.Mem.DeviceBuffer}}}}}}}})
    @ Zygote ~/.julia/packages/Zygote/JeHtr/src/compiler/interface2.jl:0
 [30] _pullback
    @ ~/Documents/Codes/julia/AlphaZeroForPhysics/AZP_DNN_valMAX.jl:222 [inlined]
 [31] _pullback(::Zygote.Context{true}, ::var"#70#74"{Env, Matrix{Float32}, Matrix{Int64}})
    @ Zygote ~/.julia/packages/Zygote/JeHtr/src/compiler/interface2.jl:0
 [32] pullback(f::Function, ps::Zygote.Params{Zygote.Buffer{Any, Vector{Any}}})
    @ Zygote ~/.julia/packages/Zygote/JeHtr/src/compiler/interface.jl:384
 [33] withgradient(f::Function, args::Zygote.Params{Zygote.Buffer{Any, Vector{Any}}})
    @ Zygote ~/.julia/packages/Zygote/JeHtr/src/compiler/interface.jl:132
 [34] train_model!(env::Env, buffer::ReplayBuffer, storage::Storage)
    @ Main ~/Documents/Codes/julia/AlphaZeroForPhysics/AZP_DNN_valMAX.jl:221
 [35] macro expansion
    @ ./timing.jl:273 [inlined]
 [36] AlphaZero_ForPhysics(env::Env, envf::Env, storage::Storage)
    @ Main ~/Documents/Codes/julia/AlphaZeroForPhysics/AZP_DNN_valMAX.jl:250
 [37] main(args::Vector{String})
    @ Main ~/Documents/Codes/julia/AlphaZeroForPhysics/AZP_DNN_valMAX.jl:310
 [38] top-level scope
    @ ./timing.jl:273
in expression starting at /home/yoshihiro/Documents/Codes/julia/AlphaZeroForPhysics/AZP_DNN_valMAX.jl:345
Start! at 2023-07-22T00:18:24.736
max_turn:  9
num_player:  240
middle_dim:  256
depth:  12
training_step:  800
batch_size:  180
batch_num:  1
num_simulation:  1000
α:  0.2
frac:  0.6
max_turn:  9
num_player:  240
middle_dim:  256
depth:  12
training_step:  800
batch_size:  180
batch_num:  1
num_simulation:  1000
α:  0.2
frac:  0.0
=============
it=1;
112.830388 seconds (3.44 M allocations: 212.690 MiB, 0.11% gc time, 1.41% compilation time)
WARNING: using JLD2.@save in module Main conflicts with an existing identifier.
WARNING: using JLD2.@load in module Main conflicts with an existing identifier.
ERROR: LoadError: MethodError: no method matching schur!(::Matrix{Sym})

Closest candidates are:
  schur!(!Matched::StridedMatrix{var"#s971"} where var"#s971"<:Union{Float32, Float64, ComplexF32, ComplexF64})
   @ LinearAlgebra ~/.julia/juliaup/julia-1.9.2+0.x64.linux.gnu/share/julia/stdlib/v1.9/LinearAlgebra/src/schur.jl:103
  schur!(!Matched::StridedMatrix{T}, !Matched::StridedMatrix{T}) where T<:Union{Float32, Float64, ComplexF32, ComplexF64}
   @ LinearAlgebra ~/.julia/juliaup/julia-1.9.2+0.x64.linux.gnu/share/julia/stdlib/v1.9/LinearAlgebra/src/schur.jl:345

Stacktrace:
  [1] schur(A::Matrix{Sym})
    @ LinearAlgebra ~/.julia/juliaup/julia-1.9.2+0.x64.linux.gnu/share/julia/stdlib/v1.9/LinearAlgebra/src/schur.jl:155
  [2] log(A::Matrix{Sym})
    @ LinearAlgebra ~/.julia/juliaup/julia-1.9.2+0.x64.linux.gnu/share/julia/stdlib/v1.9/LinearAlgebra/src/dense.jl:821
  [3] calc_Kt(history::Vector{Int64}, env::Env)
    @ Main ~/Documents/Codes/julia/AlphaZeroForPhysics/AZP_env_manychoice.jl:216
  [4] calc_score(history::Vector{Int64}, env::Env)
    @ Main ~/Documents/Codes/julia/AlphaZeroForPhysics/AZP_env_manychoice.jl:310
  [5] eval_t!
    @ ~/Documents/Codes/julia/AlphaZeroForPhysics/AZP_mcts_single.jl:230 [inlined]
  [6] run_MCTS!(env::Env, agt::Agent, model::Chain{Tuple{Dense{typeof(identity), CuArray{Float32, 2, CUDA.Mem.DeviceBuffer}, CuArray{Float32, 1, CUDA.Mem.DeviceBuffer}}}}, ratio::Float32, noise_r::Float32, scores::Dict{Vector{Int64}, Float32}, max_hist::Vector{Float32})
    @ Main ~/Documents/Codes/julia/AlphaZeroForPhysics/AZP_mcts_single.jl:293
  [7] play_physics!(env::Env, model::Chain{Tuple{Dense{typeof(identity), CuArray{Float32, 2, CUDA.Mem.DeviceBuffer}, CuArray{Float32, 1, CUDA.Mem.DeviceBuffer}}}}, ratio::Float32, noise_r::Float32, scores::Dict{Vector{Int64}, Float32}, max_hist::Vector{Float32})
    @ Main ~/Documents/Codes/julia/AlphaZeroForPhysics/AZP_mcts_single.jl:330
  [8] run_selfplay!(env::Env, buffer::ReplayBuffer, storage::Storage, ratio::Float32, noise_r::Float32, max_hist::Vector{Float32})
    @ Main ~/Documents/Codes/julia/AlphaZeroForPhysics/AZP_DNN_single.jl:134
  [9] macro expansion
    @ ./timing.jl:273 [inlined]
 [10] AlphaZero_ForPhysics(env::Env, envf::Env, storage::Storage)
    @ Main ~/Documents/Codes/julia/AlphaZeroForPhysics/AZP_DNN_single.jl:210
 [11] main(args::Vector{String})
    @ Main ~/Documents/Codes/julia/AlphaZeroForPhysics/AZP_DNN_single.jl:276
 [12] top-level scope
    @ ./timing.jl:273
in expression starting at /home/yoshihiro/Documents/Codes/julia/AlphaZeroForPhysics/AZP_DNN_single.jl:340
Start! at 2023-08-18T22:25:25.374
max_turn:  8
num_player:  120
middle_dim:  256
depth:  16
training_step:  1000
batch_size:  96
batch_num:  1
num_simulation:  200
α:  0.2
frac:  0.5
ratio:  10.0
ratio_r:  1.0
max_turn:  8
num_player:  120
middle_dim:  256
depth:  16
training_step:  1000
batch_size:  96
batch_num:  1
num_simulation:  200
α:  0.2
frac:  0.0
ratio:  10.0
ratio_r:  1.0
=============
it=1;
┌ Warning: Forcibly interrupting busy workers
│   exception = rmprocs: pids [2, 3, 4, 5, 6] not terminated after 5.0 seconds.
└ @ Distributed ~/.julia/juliaup/julia-1.9.3+0.x64.linux.gnu/share/julia/stdlib/v1.9/Distributed/src/cluster.jl:1253
┌ Warning: rmprocs: process 1 not removed
└ @ Distributed ~/.julia/juliaup/julia-1.9.3+0.x64.linux.gnu/share/julia/stdlib/v1.9/Distributed/src/cluster.jl:1049
===========================
it = 1
###########################
score =  35.8
hype =  Any[0.6000000029802323, 48.0, 0.75]
===========================
it = 2
###########################
score =  37.2
hype =  Any[0.7000000044703484, 60.0, 1.0]
Any[Any[0.6000000029802323, 48.0, 0.75], Any[0.7000000044703484, 60.0, 1.0]]
Any[35.8, 37.2]
38781.366358 seconds (1.21 M allocations: 79.701 MiB, 0.00% gc time, 0.00% compilation time: 4% of which was recompilation)
┌ Warning: Forcibly interrupting busy workers
│   exception = rmprocs: pids [2, 3, 4, 5, 6, 7, 8, 9, 10, 11] not terminated after 5.0 seconds.
└ @ Distributed ~/.julia/juliaup/julia-1.9.3+0.x64.linux.gnu/share/julia/stdlib/v1.9/Distributed/src/cluster.jl:1253
┌ Warning: rmprocs: process 1 not removed
└ @ Distributed ~/.julia/juliaup/julia-1.9.3+0.x64.linux.gnu/share/julia/stdlib/v1.9/Distributed/src/cluster.jl:1049
===========================
it = 1
###########################
scores =  Any[49.849999999999994, 100.15, 45.25000000000001, 47.6, 137.10000000000002, 120.24999999999997, 166.45000000000002, 227.45, 251.00000000000006, 48.9, 53.75, 44.45, 47.25, 45.050000000000004, 42.400000000000006, 47.8, 41.45, 34.9, 62.99999999999999, 41.6, 45.300000000000004, 53.74999999999999, 44.4, 43.400000000000006, 62.49999999999999, 41.3, 43.25]
best_score =  34.9
hype =  Any[0.6000000029802323, 96.0, 1.25]
===========================
it = 2
###########################
scores =  Any[64.60000000000001, 65.0, 39.7, 63.099999999999994, 62.449999999999996, 65.9, 64.45, 85.75, 228.45000000000005, 39.95, 43.5, 41.300000000000004, 47.95, 40.3, 39.699999999999996, 62.7, 42.7, 39.1, 41.6, 44.949999999999996, 42.300000000000004, 46.6, 42.29999999999999, 39.4, 46.0, 41.449999999999996, 37.699999999999996]
best_score =  37.699999999999996
hype =  Any[0.7000000044703484, 108.0, 1.5]
Any[Any[0.6000000029802323, 96.0, 1.25], Any[0.7000000044703484, 108.0, 1.5]]
Any[34.9, 37.699999999999996]
46603.636549 seconds (1.26 M allocations: 82.341 MiB, 0.00% gc time, 0.00% compilation time: 4% of which was recompilation)
